<?xml version="1.0" encoding="UTF-8"?>
<!-- Generated by org.testng.reporters.JUnitReportReporter -->
<testsuite hostname="Rawat-PC" failures="0" tests="1" name="com.opencart.qa.testcases.Test_Case_1_Register_User" time="9.917" errors="0" timestamp="2024-07-05T19:38:04 IST" skipped="0">
  <testcase classname="com.opencart.qa.testcases.Test_Case_1_Register_User" name="verifyRegisterUser" time="9.917"/>
</testsuite> <!-- com.opencart.qa.testcases.Test_Case_1_Register_User -->
