<?xml version="1.0" encoding="UTF-8"?>
<!-- Generated by org.testng.reporters.JUnitReportReporter -->
<testsuite hostname="Rawat-PC" failures="0" tests="1" name="com.opencart.qa.testcases.testing" time="0.701" errors="0" timestamp="2024-06-27T14:03:10 IST" skipped="0">
  <testcase classname="com.opencart.qa.testcases.testing" name="printdata" time="0.701"/>
</testsuite> <!-- com.opencart.qa.testcases.testing -->
