<?xml version="1.0" encoding="UTF-8"?>
<!-- Generated by org.testng.reporters.JUnitReportReporter -->
<testsuite hostname="Rawat-PC" failures="0" tests="1" name="com.opencart.qa.testcases.Test_Case_7_Verify_Test_Cases_Page" time="1.127" errors="0" timestamp="2024-07-05T19:38:04 IST" skipped="0">
  <testcase classname="com.opencart.qa.testcases.Test_Case_7_Verify_Test_Cases_Page" name="verifyTestCasesPage" time="1.127"/>
</testsuite> <!-- com.opencart.qa.testcases.Test_Case_7_Verify_Test_Cases_Page -->
