<?xml version="1.0" encoding="UTF-8"?>
<!-- Generated by org.testng.reporters.JUnitReportReporter -->
<testsuite hostname="Rawat-PC" failures="0" tests="1" name="com.opencart.qa.testcases.Test_Case_5_Register_User_with_existing_email" time="3.594" errors="0" timestamp="2024-07-05T19:38:04 IST" skipped="0">
  <testcase classname="com.opencart.qa.testcases.Test_Case_5_Register_User_with_existing_email" name="registerUserwithexistingemailTest" time="3.594"/>
</testsuite> <!-- com.opencart.qa.testcases.Test_Case_5_Register_User_with_existing_email -->
