<?xml version="1.0" encoding="UTF-8"?>
<!-- Generated by org.testng.reporters.JUnitReportReporter -->
<testsuite hostname="Rawat-PC" failures="0" tests="1" name="com.opencart.qa.testcases.Test_Case_6_Contact_Us_Form" time="2.887" errors="0" timestamp="2024-07-05T19:38:04 IST" skipped="0">
  <testcase classname="com.opencart.qa.testcases.Test_Case_6_Contact_Us_Form" name="contactUsForm" time="2.887"/>
</testsuite> <!-- com.opencart.qa.testcases.Test_Case_6_Contact_Us_Form -->
