<?xml version="1.0" encoding="UTF-8"?>
<!-- Generated by org.testng.reporters.JUnitReportReporter -->
<testsuite hostname="Rawat-PC" failures="0" tests="1" name="com.opencart.qa.testcases.Test_Case_5_Register_User_with_existing_email" time="4.780" errors="0" timestamp="2024-07-03T00:15:49 IST" skipped="0">
  <testcase classname="com.opencart.qa.testcases.Test_Case_5_Register_User_with_existing_email" name="registerUserwithexistingemailTest" time="4.780"/>
</testsuite> <!-- com.opencart.qa.testcases.Test_Case_5_Register_User_with_existing_email -->
